  64 bit Processing Libraries\LibHeaders\d3d12.idl
  d3d12.idl
  64 bit Processing C:\Program Files (x86)\Windows Kits\10\Include\10.0.22000.0\um\oaidl.idl
  oaidl.idl
  64 bit Processing C:\Program Files (x86)\Windows Kits\10\Include\10.0.22000.0\um\objidl.idl
  objidl.idl
  64 bit Processing C:\Program Files (x86)\Windows Kits\10\Include\10.0.22000.0\um\unknwn.idl
  unknwn.idl
  64 bit Processing C:\Program Files (x86)\Windows Kits\10\Include\10.0.22000.0\shared\wtypes.idl
  wtypes.idl
  64 bit Processing C:\Program Files (x86)\Windows Kits\10\Include\10.0.22000.0\shared\wtypesbase.idl
  wtypesbase.idl
  64 bit Processing C:\Program Files (x86)\Windows Kits\10\Include\10.0.22000.0\shared\basetsd.h
  basetsd.h
  64 bit Processing C:\Program Files (x86)\Windows Kits\10\Include\10.0.22000.0\shared\guiddef.h
  guiddef.h
  64 bit Processing C:\Program Files (x86)\Windows Kits\10\Include\10.0.22000.0\um\ocidl.idl
  ocidl.idl
  64 bit Processing C:\Program Files (x86)\Windows Kits\10\Include\10.0.22000.0\um\oleidl.idl
  oleidl.idl
  64 bit Processing C:\Program Files (x86)\Windows Kits\10\Include\10.0.22000.0\um\servprov.idl
  servprov.idl
  64 bit Processing C:\Program Files (x86)\Windows Kits\10\Include\10.0.22000.0\um\urlmon.idl
  urlmon.idl
  64 bit Processing C:\Program Files (x86)\Windows Kits\10\Include\10.0.22000.0\um\msxml.idl
  msxml.idl
  64 bit Processing C:\Program Files (x86)\Windows Kits\10\Include\10.0.22000.0\shared\dxgicommon.idl
  dxgicommon.idl
  64 bit Processing C:\Users\Dennis\Documents\GitHub\DirectX12\/packages\Microsoft.Direct3D.D3D12.1.610.3\build\native\include\dxgiformat.idl
  dxgiformat.idl
  64 bit Processing C:\Users\Dennis\Documents\GitHub\DirectX12\/packages\Microsoft.Direct3D.D3D12.1.610.3\build\native\include\d3dcommon.idl
  d3dcommon.idl
  64 bit Processing C:\Program Files (x86)\Windows Kits\10\Include\10.0.22000.0\um\oaidl.acf
  oaidl.acf
  64 bit Processing C:\Program Files (x86)\Windows Kits\10\Include\10.0.22000.0\um\ocidl.acf
  ocidl.acf
  64 bit Processing Libraries\LibHeaders\d3d12compatibility.idl
  d3d12compatibility.idl
  64 bit Processing C:\Program Files (x86)\Windows Kits\10\Include\10.0.22000.0\um\oaidl.idl
  oaidl.idl
  64 bit Processing C:\Program Files (x86)\Windows Kits\10\Include\10.0.22000.0\um\objidl.idl
  objidl.idl
  64 bit Processing C:\Program Files (x86)\Windows Kits\10\Include\10.0.22000.0\um\unknwn.idl
  unknwn.idl
  64 bit Processing C:\Program Files (x86)\Windows Kits\10\Include\10.0.22000.0\shared\wtypes.idl
  wtypes.idl
  64 bit Processing C:\Program Files (x86)\Windows Kits\10\Include\10.0.22000.0\shared\wtypesbase.idl
  wtypesbase.idl
  64 bit Processing C:\Program Files (x86)\Windows Kits\10\Include\10.0.22000.0\shared\basetsd.h
  basetsd.h
  64 bit Processing C:\Program Files (x86)\Windows Kits\10\Include\10.0.22000.0\shared\guiddef.h
  guiddef.h
  64 bit Processing C:\Program Files (x86)\Windows Kits\10\Include\10.0.22000.0\um\ocidl.idl
  ocidl.idl
  64 bit Processing C:\Program Files (x86)\Windows Kits\10\Include\10.0.22000.0\um\oleidl.idl
  oleidl.idl
  64 bit Processing C:\Program Files (x86)\Windows Kits\10\Include\10.0.22000.0\um\servprov.idl
  servprov.idl
  64 bit Processing C:\Program Files (x86)\Windows Kits\10\Include\10.0.22000.0\um\urlmon.idl
  urlmon.idl
  64 bit Processing C:\Program Files (x86)\Windows Kits\10\Include\10.0.22000.0\um\msxml.idl
  msxml.idl
  64 bit Processing C:\Program Files (x86)\Windows Kits\10\Include\10.0.22000.0\um\d3d11on12.idl
  d3d11on12.idl
  64 bit Processing C:\Program Files (x86)\Windows Kits\10\Include\10.0.22000.0\um\d3d11.idl
  d3d11.idl
  64 bit Processing C:\Program Files (x86)\Windows Kits\10\Include\10.0.22000.0\shared\dxgi.idl
  dxgi.idl
  64 bit Processing C:\Program Files (x86)\Windows Kits\10\Include\10.0.22000.0\shared\dxgicommon.idl
  dxgicommon.idl
  64 bit Processing C:\Program Files (x86)\Windows Kits\10\Include\10.0.22000.0\shared\dxgitype.idl
  dxgitype.idl
  64 bit Processing C:\Users\Dennis\Documents\GitHub\DirectX12\/packages\Microsoft.Direct3D.D3D12.1.610.3\build\native\include\dxgiformat.idl
  dxgiformat.idl
  64 bit Processing C:\Users\Dennis\Documents\GitHub\DirectX12\/packages\Microsoft.Direct3D.D3D12.1.610.3\build\native\include\d3dcommon.idl
  d3dcommon.idl
  64 bit Processing C:\Users\Dennis\Documents\GitHub\DirectX12\/packages\Microsoft.Direct3D.D3D12.1.610.3\build\native\include\d3d12.idl
  d3d12.idl
  64 bit Processing C:\Program Files (x86)\Windows Kits\10\Include\10.0.22000.0\um\oaidl.acf
  oaidl.acf
  64 bit Processing C:\Program Files (x86)\Windows Kits\10\Include\10.0.22000.0\um\ocidl.acf
  ocidl.acf
  64 bit Processing Libraries\LibHeaders\d3d12sdklayers.idl
  d3d12sdklayers.idl
  64 bit Processing C:\Program Files (x86)\Windows Kits\10\Include\10.0.22000.0\um\oaidl.idl
  oaidl.idl
  64 bit Processing C:\Program Files (x86)\Windows Kits\10\Include\10.0.22000.0\um\objidl.idl
  objidl.idl
  64 bit Processing C:\Program Files (x86)\Windows Kits\10\Include\10.0.22000.0\um\unknwn.idl
  unknwn.idl
  64 bit Processing C:\Program Files (x86)\Windows Kits\10\Include\10.0.22000.0\shared\wtypes.idl
  wtypes.idl
  64 bit Processing C:\Program Files (x86)\Windows Kits\10\Include\10.0.22000.0\shared\wtypesbase.idl
  wtypesbase.idl
  64 bit Processing C:\Program Files (x86)\Windows Kits\10\Include\10.0.22000.0\shared\basetsd.h
  basetsd.h
  64 bit Processing C:\Program Files (x86)\Windows Kits\10\Include\10.0.22000.0\shared\guiddef.h
  guiddef.h
  64 bit Processing C:\Program Files (x86)\Windows Kits\10\Include\10.0.22000.0\um\ocidl.idl
  ocidl.idl
  64 bit Processing C:\Program Files (x86)\Windows Kits\10\Include\10.0.22000.0\um\oleidl.idl
  oleidl.idl
  64 bit Processing C:\Program Files (x86)\Windows Kits\10\Include\10.0.22000.0\um\servprov.idl
  servprov.idl
  64 bit Processing C:\Program Files (x86)\Windows Kits\10\Include\10.0.22000.0\um\urlmon.idl
  urlmon.idl
  64 bit Processing C:\Program Files (x86)\Windows Kits\10\Include\10.0.22000.0\um\msxml.idl
  msxml.idl
  64 bit Processing C:\Users\Dennis\Documents\GitHub\DirectX12\/packages\Microsoft.Direct3D.D3D12.1.610.3\build\native\include\d3d12.idl
  d3d12.idl
  64 bit Processing C:\Program Files (x86)\Windows Kits\10\Include\10.0.22000.0\shared\dxgicommon.idl
  dxgicommon.idl
  64 bit Processing C:\Users\Dennis\Documents\GitHub\DirectX12\/packages\Microsoft.Direct3D.D3D12.1.610.3\build\native\include\dxgiformat.idl
  dxgiformat.idl
  64 bit Processing C:\Users\Dennis\Documents\GitHub\DirectX12\/packages\Microsoft.Direct3D.D3D12.1.610.3\build\native\include\d3dcommon.idl
  d3dcommon.idl
  64 bit Processing C:\Program Files (x86)\Windows Kits\10\Include\10.0.22000.0\um\oaidl.acf
  oaidl.acf
  64 bit Processing C:\Program Files (x86)\Windows Kits\10\Include\10.0.22000.0\um\ocidl.acf
  ocidl.acf
  64 bit Processing Libraries\LibHeaders\d3d12video.idl
  d3d12video.idl
  64 bit Processing C:\Program Files (x86)\Windows Kits\10\Include\10.0.22000.0\um\oaidl.idl
  oaidl.idl
  64 bit Processing C:\Program Files (x86)\Windows Kits\10\Include\10.0.22000.0\um\objidl.idl
  objidl.idl
  64 bit Processing C:\Program Files (x86)\Windows Kits\10\Include\10.0.22000.0\um\unknwn.idl
  unknwn.idl
  64 bit Processing C:\Program Files (x86)\Windows Kits\10\Include\10.0.22000.0\shared\wtypes.idl
  wtypes.idl
  64 bit Processing C:\Program Files (x86)\Windows Kits\10\Include\10.0.22000.0\shared\wtypesbase.idl
  wtypesbase.idl
  64 bit Processing C:\Program Files (x86)\Windows Kits\10\Include\10.0.22000.0\shared\basetsd.h
  basetsd.h
  64 bit Processing C:\Program Files (x86)\Windows Kits\10\Include\10.0.22000.0\shared\guiddef.h
  guiddef.h
  64 bit Processing C:\Program Files (x86)\Windows Kits\10\Include\10.0.22000.0\um\ocidl.idl
  ocidl.idl
  64 bit Processing C:\Program Files (x86)\Windows Kits\10\Include\10.0.22000.0\um\oleidl.idl
  oleidl.idl
  64 bit Processing C:\Program Files (x86)\Windows Kits\10\Include\10.0.22000.0\um\servprov.idl
  servprov.idl
  64 bit Processing C:\Program Files (x86)\Windows Kits\10\Include\10.0.22000.0\um\urlmon.idl
  urlmon.idl
  64 bit Processing C:\Program Files (x86)\Windows Kits\10\Include\10.0.22000.0\um\msxml.idl
  msxml.idl
  64 bit Processing C:\Program Files (x86)\Windows Kits\10\Include\10.0.22000.0\shared\dxgicommon.idl
  dxgicommon.idl
  64 bit Processing C:\Users\Dennis\Documents\GitHub\DirectX12\/packages\Microsoft.Direct3D.D3D12.1.610.3\build\native\include\d3d12.idl
  d3d12.idl
  64 bit Processing C:\Users\Dennis\Documents\GitHub\DirectX12\/packages\Microsoft.Direct3D.D3D12.1.610.3\build\native\include\dxgiformat.idl
  dxgiformat.idl
  64 bit Processing C:\Users\Dennis\Documents\GitHub\DirectX12\/packages\Microsoft.Direct3D.D3D12.1.610.3\build\native\include\d3dcommon.idl
  d3dcommon.idl
  64 bit Processing C:\Program Files (x86)\Windows Kits\10\Include\10.0.22000.0\um\oaidl.acf
  oaidl.acf
  64 bit Processing C:\Program Files (x86)\Windows Kits\10\Include\10.0.22000.0\um\ocidl.acf
  ocidl.acf
  64 bit Processing Libraries\LibHeaders\d3dcommon.idl
  d3dcommon.idl
  64 bit Processing C:\Program Files (x86)\Windows Kits\10\Include\10.0.22000.0\um\oaidl.idl
  oaidl.idl
  64 bit Processing C:\Program Files (x86)\Windows Kits\10\Include\10.0.22000.0\um\objidl.idl
  objidl.idl
  64 bit Processing C:\Program Files (x86)\Windows Kits\10\Include\10.0.22000.0\um\unknwn.idl
  unknwn.idl
  64 bit Processing C:\Program Files (x86)\Windows Kits\10\Include\10.0.22000.0\shared\wtypes.idl
  wtypes.idl
  64 bit Processing C:\Program Files (x86)\Windows Kits\10\Include\10.0.22000.0\shared\wtypesbase.idl
  wtypesbase.idl
  64 bit Processing C:\Program Files (x86)\Windows Kits\10\Include\10.0.22000.0\shared\basetsd.h
  basetsd.h
  64 bit Processing C:\Program Files (x86)\Windows Kits\10\Include\10.0.22000.0\shared\guiddef.h
  guiddef.h
  64 bit Processing C:\Program Files (x86)\Windows Kits\10\Include\10.0.22000.0\um\ocidl.idl
  ocidl.idl
  64 bit Processing C:\Program Files (x86)\Windows Kits\10\Include\10.0.22000.0\um\oleidl.idl
  oleidl.idl
  64 bit Processing C:\Program Files (x86)\Windows Kits\10\Include\10.0.22000.0\um\servprov.idl
  servprov.idl
  64 bit Processing C:\Program Files (x86)\Windows Kits\10\Include\10.0.22000.0\um\urlmon.idl
  urlmon.idl
  64 bit Processing C:\Program Files (x86)\Windows Kits\10\Include\10.0.22000.0\um\msxml.idl
  msxml.idl
  64 bit Processing C:\Program Files (x86)\Windows Kits\10\Include\10.0.22000.0\um\oaidl.acf
  oaidl.acf
  64 bit Processing C:\Program Files (x86)\Windows Kits\10\Include\10.0.22000.0\um\ocidl.acf
  ocidl.acf
  64 bit Processing Libraries\LibHeaders\dxgicommon.idl
  dxgicommon.idl
  64 bit Processing C:\Program Files (x86)\Windows Kits\10\Include\10.0.22000.0\um\ocidl.idl
  ocidl.idl
  64 bit Processing C:\Program Files (x86)\Windows Kits\10\Include\10.0.22000.0\um\oleidl.idl
  oleidl.idl
  64 bit Processing C:\Program Files (x86)\Windows Kits\10\Include\10.0.22000.0\um\objidl.idl
  objidl.idl
  64 bit Processing C:\Program Files (x86)\Windows Kits\10\Include\10.0.22000.0\um\unknwn.idl
  unknwn.idl
  64 bit Processing C:\Program Files (x86)\Windows Kits\10\Include\10.0.22000.0\shared\wtypes.idl
  wtypes.idl
  64 bit Processing C:\Program Files (x86)\Windows Kits\10\Include\10.0.22000.0\shared\wtypesbase.idl
  wtypesbase.idl
  64 bit Processing C:\Program Files (x86)\Windows Kits\10\Include\10.0.22000.0\shared\basetsd.h
  basetsd.h
  64 bit Processing C:\Program Files (x86)\Windows Kits\10\Include\10.0.22000.0\shared\guiddef.h
  guiddef.h
  64 bit Processing C:\Program Files (x86)\Windows Kits\10\Include\10.0.22000.0\um\oaidl.idl
  oaidl.idl
  64 bit Processing C:\Program Files (x86)\Windows Kits\10\Include\10.0.22000.0\um\servprov.idl
  servprov.idl
  64 bit Processing C:\Program Files (x86)\Windows Kits\10\Include\10.0.22000.0\um\urlmon.idl
  urlmon.idl
  64 bit Processing C:\Program Files (x86)\Windows Kits\10\Include\10.0.22000.0\um\msxml.idl
  msxml.idl
  64 bit Processing C:\Program Files (x86)\Windows Kits\10\Include\10.0.22000.0\um\oaidl.acf
  oaidl.acf
  64 bit Processing C:\Program Files (x86)\Windows Kits\10\Include\10.0.22000.0\um\ocidl.acf
  ocidl.acf
  64 bit Processing Libraries\LibHeaders\dxgiformat.idl
  dxgiformat.idl
C:\Program Files\Microsoft Visual Studio\2022\Community\MSBuild\Microsoft\VC\v170\Microsoft.CppBuild.targets(1116,5): warning MSB8027: Two or more files with the name of Application.cpp will produce outputs to the same location. This can lead to an incorrect build result.  The files involved are Libraries\LibHeaders\Application.cpp, Source\DirectXExtentions\Application.cpp.
C:\Program Files\Microsoft Visual Studio\2022\Community\MSBuild\Microsoft\VC\v170\Microsoft.CppBuild.targets(1116,5): warning MSB8027: Two or more files with the name of HighResolutionClock.cpp will produce outputs to the same location. This can lead to an incorrect build result.  The files involved are Libraries\LibHeaders\HighResolutionClock.cpp, Source\DirectXExtentions\HighResolutionClock.cpp, Source\HighResolutionClock.cpp.
C:\Program Files\Microsoft Visual Studio\2022\Community\MSBuild\Microsoft\VC\v170\Microsoft.CppBuild.targets(1116,5): warning MSB8027: Two or more files with the name of RootSignature.cpp will produce outputs to the same location. This can lead to an incorrect build result.  The files involved are Libraries\LibHeaders\RootSignature.cpp, Source\RootSignature.cpp.
C:\Program Files\Microsoft Visual Studio\2022\Community\MSBuild\Microsoft\VC\v170\Microsoft.CppBuild.targets(1116,5): warning MSB8027: Two or more files with the name of UploadBuffer.cpp will produce outputs to the same location. This can lead to an incorrect build result.  The files involved are Libraries\LibHeaders\UploadBuffer.cpp, Source\UploadBuffer.cpp.
C:\Program Files\Microsoft Visual Studio\2022\Community\MSBuild\Microsoft\VC\v170\Microsoft.CppBuild.targets(1116,5): warning MSB8027: Two or more files with the name of Window.cpp will produce outputs to the same location. This can lead to an incorrect build result.  The files involved are Libraries\LibHeaders\Window.cpp, Source\DirectXExtentions\Window.cpp.
  Adapter.cpp
  Application.cpp
C:\Users\Dennis\Documents\GitHub\DirectX12\DirectX12Engine\Source\CommandQueue.h(70,51): warning C4099: 'std::default_delete<dx12lib::CommandQueue>': type name first seen using 'struct' now seen using 'class'
C:\Users\Dennis\Documents\GitHub\DirectX12\DirectX12Engine\Source\CommandQueue.h(70,23): message : see declaration of 'std::default_delete<dx12lib::CommandQueue>'
C:\Program Files\Microsoft Visual Studio\2022\Community\VC\Tools\MSVC\14.36.32532\include\xmemory(294): error C2248: 'dx12lib::CommandQueue::~CommandQueue': cannot access protected member declared in class 'dx12lib::CommandQueue'
C:\Users\Dennis\Documents\GitHub\DirectX12\DirectX12Engine\Source\CommandQueue.h(99,1): message : compiler has generated 'dx12lib::CommandQueue::~CommandQueue' here
C:\Users\Dennis\Documents\GitHub\DirectX12\DirectX12Engine\Source\CommandQueue.h(48,7): message : see declaration of 'dx12lib::CommandQueue'
C:\Program Files\Microsoft Visual Studio\2022\Community\VC\Tools\MSVC\14.36.32532\include\memory(2110,9): message : see reference to function template instantiation 'void std::_Destroy_in_place<_Ty>(_Ty &) noexcept' being compiled
          with
          [
              _Ty=dx12lib::CommandQueue
          ]
C:\Program Files\Microsoft Visual Studio\2022\Community\VC\Tools\MSVC\14.36.32532\include\memory(2109,10): message : while compiling class template member function 'void std::_Ref_count_obj2<dx12lib::CommandQueue>::_Destroy(void) noexcept'
C:\Program Files\Microsoft Visual Studio\2022\Community\VC\Tools\MSVC\14.36.32532\include\memory(2764): message : see reference to class template instantiation 'std::_Ref_count_obj2<dx12lib::CommandQueue>' being compiled
C:\Users\Dennis\Documents\GitHub\DirectX12\DirectX12Engine\Libraries\LibHeaders\Application.cpp(75,37): message : see reference to function template instantiation 'std::shared_ptr<dx12lib::CommandQueue> std::make_shared<dx12lib::CommandQueue,Microsoft::WRL::ComPtr<ID3D12Device2>&,D3D12_COMMAND_LIST_TYPE>(Microsoft::WRL::ComPtr<ID3D12Device2> &,D3D12_COMMAND_LIST_TYPE &&)' being compiled
  Buffer.cpp
  ByteAddressBuffer.cpp
  ConstantBuffer.cpp
  ConstantBufferView.cpp
C:\Users\Dennis\Documents\GitHub\DirectX12\DirectX12Engine\Libraries\LibHeaders\ConstantBufferView.cpp(22,9): error C2653: 'Math': is not a class or namespace name
C:\Users\Dennis\Documents\GitHub\DirectX12\DirectX12Engine\Libraries\LibHeaders\ConstantBufferView.cpp(22,15): error C3861: 'AlignUp': identifier not found
  Device.cpp
C:\Users\Dennis\Documents\GitHub\DirectX12\DirectX12Engine\Source\CommandList.h(527,50): warning C4099: 'std::default_delete<dx12lib::CommandList>': type name first seen using 'struct' now seen using 'class'
C:\Users\Dennis\Documents\GitHub\DirectX12\DirectX12Engine\Source\CommandList.h(527,23): message : see declaration of 'std::default_delete<dx12lib::CommandList>'
C:\Users\Dennis\Documents\GitHub\DirectX12\DirectX12Engine\Source\CommandQueue.h(70,51): warning C4099: 'std::default_delete<dx12lib::CommandQueue>': type name first seen using 'struct' now seen using 'class'
C:\Users\Dennis\Documents\GitHub\DirectX12\DirectX12Engine\Source\CommandQueue.h(70,23): message : see declaration of 'std::default_delete<dx12lib::CommandQueue>'
C:\Users\Dennis\Documents\GitHub\DirectX12\DirectX12Engine\Source\DescriptorAllocator.h(73,58): warning C4099: 'std::default_delete<dx12lib::DescriptorAllocator>': type name first seen using 'struct' now seen using 'class'
C:\Users\Dennis\Documents\GitHub\DirectX12\DirectX12Engine\Source\DescriptorAllocator.h(73,23): message : see declaration of 'std::default_delete<dx12lib::DescriptorAllocator>'
C:\Users\Dennis\Documents\GitHub\DirectX12\DirectX12Engine\Libraries\LibHeaders\GUI.h(33,10): fatal  error C1083: Cannot open include file: 'imgui.h': No such file or directory
  GenerateMipsPSO.cpp
C:\Users\Dennis\Documents\GitHub\DirectX12\DirectX12Engine\Libraries\LibHeaders\RootSignature.h(64,52): warning C4099: 'std::default_delete<dx12lib::RootSignature>': type name first seen using 'struct' now seen using 'class'
C:\Users\Dennis\Documents\GitHub\DirectX12\DirectX12Engine\Libraries\LibHeaders\RootSignature.h(64,23): message : see declaration of 'std::default_delete<dx12lib::RootSignature>'
  GUI.cpp
C:\Users\Dennis\Documents\GitHub\DirectX12\DirectX12Engine\Libraries\LibHeaders\GUI.h(33,10): fatal  error C1083: Cannot open include file: 'imgui.h': No such file or directory
  HighResolutionClock.cpp
  IndexBuffer.cpp
C:\Users\Dennis\Documents\GitHub\DirectX12\DirectX12Engine\Libraries\LibHeaders\IndexBuffer.cpp(32,21): warning C4267: 'initializing': conversion from 'size_t' to 'UINT', possible loss of data
  Material.cpp
  Mesh.cpp
C:\Users\Dennis\Documents\GitHub\DirectX12\DirectX12Engine\Source\CommandList.h(527,50): warning C4099: 'std::default_delete<dx12lib::CommandList>': type name first seen using 'struct' now seen using 'class'
C:\Users\Dennis\Documents\GitHub\DirectX12\DirectX12Engine\Source\CommandList.h(527,23): message : see declaration of 'std::default_delete<dx12lib::CommandList>'
C:\Users\Dennis\Documents\GitHub\DirectX12\DirectX12Engine\Libraries\LibHeaders\Mesh.cpp(5,10): fatal  error C1083: Cannot open include file: 'Mesh.h': No such file or directory
  PanoToCubemapPSO.cpp
C:\Users\Dennis\Documents\GitHub\DirectX12\DirectX12Engine\Libraries\LibHeaders\RootSignature.h(64,52): warning C4099: 'std::default_delete<dx12lib::RootSignature>': type name first seen using 'struct' now seen using 'class'
C:\Users\Dennis\Documents\GitHub\DirectX12\DirectX12Engine\Libraries\LibHeaders\RootSignature.h(64,23): message : see declaration of 'std::default_delete<dx12lib::RootSignature>'
  PipelineStateObject.cpp
  RenderTarget.cpp
  Resource.cpp
C:\Users\Dennis\Documents\GitHub\DirectX12\DirectX12Engine\Libraries\LibHeaders\Resource.cpp(20,9): error C2102: '&' requires l-value
  ResourceStateTracker.cpp
C:\Users\Dennis\Documents\GitHub\DirectX12\DirectX12Engine\Source\CommandList.h(527,50): warning C4099: 'std::default_delete<dx12lib::CommandList>': type name first seen using 'struct' now seen using 'class'
C:\Users\Dennis\Documents\GitHub\DirectX12\DirectX12Engine\Source\CommandList.h(527,23): message : see declaration of 'std::default_delete<dx12lib::CommandList>'
  RootSignature.cpp
C:\Users\Dennis\Documents\GitHub\DirectX12\DirectX12Engine\Libraries\LibHeaders\RootSignature.h(64,52): warning C4099: 'std::default_delete<dx12lib::RootSignature>': type name first seen using 'struct' now seen using 'class'
C:\Users\Dennis\Documents\GitHub\DirectX12\DirectX12Engine\Libraries\LibHeaders\RootSignature.h(64,23): message : see declaration of 'std::default_delete<dx12lib::RootSignature>'
  Scene.cpp
C:\Users\Dennis\Documents\GitHub\DirectX12\DirectX12Engine\Libraries\LibHeaders\Scene.cpp(3,10): fatal  error C1083: Cannot open include file: 'Scene.h': No such file or directory
  SceneNode.cpp
C:\Users\Dennis\Documents\GitHub\DirectX12\DirectX12Engine\Libraries\LibHeaders\SceneNode.cpp(3,10): fatal  error C1083: Cannot open include file: 'Mesh.h': No such file or directory
  ShaderResourceView.cpp
  StructuredBuffer.cpp
  SwapChain.cpp
C:\Users\Dennis\Documents\GitHub\DirectX12\DirectX12Engine\Libraries\LibHeaders\SwapChain.h(36,10): fatal  error C1083: Cannot open include file: 'dx12lib/RenderTarget.h': No such file or directory
  Texture.cpp
C:\Users\Dennis\Documents\GitHub\DirectX12\DirectX12Engine\Libraries\LibHeaders\Texture.cpp(41,13): error C2102: '&' requires l-value
  UnorderedAccessView.cpp
  UploadBuffer.cpp
C:\Users\Dennis\Documents\GitHub\DirectX12\DirectX12Engine\Libraries\LibHeaders\UploadBuffer.cpp(9,15): error C2511: 'UploadBuffer::UploadBuffer(dx12lib::Device &,size_t)': overloaded member function not found in 'UploadBuffer'
C:\Users\Dennis\Documents\GitHub\DirectX12\DirectX12Engine\Source\UploadBuffer.h(12,7): message : see declaration of 'UploadBuffer'
C:\Users\Dennis\Documents\GitHub\DirectX12\DirectX12Engine\Libraries\LibHeaders\UploadBuffer.cpp(12,1): error C2550: 'UploadBuffer::{ctor}': constructor initializer lists are only allowed on constructor definitions
C:\Users\Dennis\Documents\GitHub\DirectX12\DirectX12Engine\Libraries\LibHeaders\UploadBuffer.cpp(14,16): error C2600: 'UploadBuffer::~UploadBuffer': cannot define a compiler-generated special member function (must be declared in the class first)
C:\Users\Dennis\Documents\GitHub\DirectX12\DirectX12Engine\Libraries\LibHeaders\UploadBuffer.cpp(44,40): error C2065: 'm_Device': undeclared identifier
C:\Users\Dennis\Documents\GitHub\DirectX12\DirectX12Engine\Libraries\LibHeaders\UploadBuffer.cpp(64,21): error C2511: 'UploadBuffer::Page::Page(dx12lib::Device &,size_t)': overloaded member function not found in 'UploadBuffer::Page'
C:\Users\Dennis\Documents\GitHub\DirectX12\DirectX12Engine\Source\UploadBuffer.h(40,12): message : see declaration of 'UploadBuffer::Page'
C:\Users\Dennis\Documents\GitHub\DirectX12\DirectX12Engine\Libraries\LibHeaders\UploadBuffer.cpp(70,1): error C2550: 'UploadBuffer::Page::{ctor}': constructor initializer lists are only allowed on constructor definitions
C:\Users\Dennis\Documents\GitHub\DirectX12\DirectX12Engine\Libraries\LibHeaders\UploadBuffer.cpp(71,24): error C2065: 'm_Device': undeclared identifier
C:\Users\Dennis\Documents\GitHub\DirectX12\DirectX12Engine\Libraries\LibHeaders\UploadBuffer.cpp(73,31): error C3536: 'd3d12Device': cannot be used before it is initialized
C:\Users\Dennis\Documents\GitHub\DirectX12\DirectX12Engine\Libraries\LibHeaders\UploadBuffer.cpp(75,41): error C2597: illegal reference to non-static member 'UploadBuffer::Page::m_PageSize'
C:\Users\Dennis\Documents\GitHub\DirectX12\DirectX12Engine\Source\UploadBuffer.h(67,16): message : see declaration of 'UploadBuffer::Page::m_PageSize'
C:\Users\Dennis\Documents\GitHub\DirectX12\DirectX12Engine\Libraries\LibHeaders\UploadBuffer.cpp(76,9): error C2597: illegal reference to non-static member 'UploadBuffer::Page::m_d3d12Resource'
C:\Users\Dennis\Documents\GitHub\DirectX12\DirectX12Engine\Source\UploadBuffer.h(60,48): message : see declaration of 'UploadBuffer::Page::m_d3d12Resource'
C:\Users\Dennis\Documents\GitHub\DirectX12\DirectX12Engine\Libraries\LibHeaders\UploadBuffer.cpp(76,9): error C2672: 'IID_PPV_ARGS_Helper': no matching overloaded function found
C:\Program Files (x86)\Windows Kits\10\Include\10.0.22000.0\winrt\wrl\client.h(913,8): message : could be 'void **IID_PPV_ARGS_Helper(Microsoft::WRL::Details::ComPtrRef<T>) noexcept'
C:\Users\Dennis\Documents\GitHub\DirectX12\DirectX12Engine\Libraries\LibHeaders\UploadBuffer.cpp(76,9): message : 'void **IID_PPV_ARGS_Helper(Microsoft::WRL::Details::ComPtrRef<T>) noexcept': could not deduce template argument for 'Microsoft::WRL::Details::ComPtrRef<T>' from 'Microsoft::WRL::ComPtr<ID3D12Resource> UploadBuffer::Page::* '
C:\Program Files (x86)\Windows Kits\10\Include\10.0.22000.0\um\combaseapi.h(201,84): message : or       'void **IID_PPV_ARGS_Helper(T **)'
C:\Users\Dennis\Documents\GitHub\DirectX12\DirectX12Engine\Libraries\LibHeaders\UploadBuffer.cpp(76,9): message : 'void **IID_PPV_ARGS_Helper(T **)': could not deduce template argument for 'T **' from 'Microsoft::WRL::ComPtr<ID3D12Resource> UploadBuffer::Page::* '
C:\Users\Dennis\Documents\GitHub\DirectX12\DirectX12Engine\Libraries\LibHeaders\UploadBuffer.cpp(81,40): error C2597: illegal reference to non-static member 'UploadBuffer::Page::m_CPUPtr'
C:\Users\Dennis\Documents\GitHub\DirectX12\DirectX12Engine\Source\UploadBuffer.h(63,15): message : see declaration of 'UploadBuffer::Page::m_CPUPtr'
C:\Users\Dennis\Documents\GitHub\DirectX12\DirectX12Engine\Libraries\LibHeaders\UploadBuffer.cpp(93,28): error C2653: 'Math': is not a class or namespace name
C:\Users\Dennis\Documents\GitHub\DirectX12\DirectX12Engine\Libraries\LibHeaders\UploadBuffer.cpp(93,34): error C3861: 'AlignUp': identifier not found
C:\Users\Dennis\Documents\GitHub\DirectX12\DirectX12Engine\Libraries\LibHeaders\UploadBuffer.cpp(94,28): error C2653: 'Math': is not a class or namespace name
C:\Users\Dennis\Documents\GitHub\DirectX12\DirectX12Engine\Libraries\LibHeaders\UploadBuffer.cpp(94,34): error C3861: 'AlignUp': identifier not found
C:\Users\Dennis\Documents\GitHub\DirectX12\DirectX12Engine\Libraries\LibHeaders\UploadBuffer.cpp(107,26): error C2653: 'Math': is not a class or namespace name
C:\Users\Dennis\Documents\GitHub\DirectX12\DirectX12Engine\Libraries\LibHeaders\UploadBuffer.cpp(107,32): error C3861: 'AlignUp': identifier not found
C:\Users\Dennis\Documents\GitHub\DirectX12\DirectX12Engine\Libraries\LibHeaders\UploadBuffer.cpp(108,26): error C2653: 'Math': is not a class or namespace name
C:\Users\Dennis\Documents\GitHub\DirectX12\DirectX12Engine\Libraries\LibHeaders\UploadBuffer.cpp(108,32): error C3861: 'AlignUp': identifier not found
  VertexBuffer.cpp
  VertexTypes.cpp
  Window.cpp
C:\Users\Dennis\Documents\GitHub\DirectX12\DirectX12Engine\Source\CommandQueue.h(70,51): warning C4099: 'std::default_delete<dx12lib::CommandQueue>': type name first seen using 'struct' now seen using 'class'
C:\Users\Dennis\Documents\GitHub\DirectX12\DirectX12Engine\Source\CommandQueue.h(70,23): message : see declaration of 'std::default_delete<dx12lib::CommandQueue>'
  CommandList.cpp
C:\Users\Dennis\Documents\GitHub\DirectX12\DirectX12Engine\Source\CommandList.h(527,50): warning C4099: 'std::default_delete<dx12lib::CommandList>': type name first seen using 'struct' now seen using 'class'
C:\Users\Dennis\Documents\GitHub\DirectX12\DirectX12Engine\Source\CommandList.h(527,23): message : see declaration of 'std::default_delete<dx12lib::CommandList>'
C:\Users\Dennis\Documents\GitHub\DirectX12\DirectX12Engine\Source\CommandQueue.h(70,51): warning C4099: 'std::default_delete<dx12lib::CommandQueue>': type name first seen using 'struct' now seen using 'class'
C:\Users\Dennis\Documents\GitHub\DirectX12\DirectX12Engine\Source\CommandQueue.h(70,23): message : see declaration of 'std::default_delete<dx12lib::CommandQueue>'
C:\Users\Dennis\Documents\GitHub\DirectX12\DirectX12Engine\Libraries\LibHeaders\RootSignature.h(64,52): warning C4099: 'std::default_delete<dx12lib::RootSignature>': type name first seen using 'struct' now seen using 'class'
C:\Users\Dennis\Documents\GitHub\DirectX12\DirectX12Engine\Libraries\LibHeaders\RootSignature.h(64,23): message : see declaration of 'std::default_delete<dx12lib::RootSignature>'
C:\Users\Dennis\Documents\GitHub\DirectX12\DirectX12Engine\Source\CommandList.cpp(19,10): fatal  error C1083: Cannot open include file: 'Scene.h': No such file or directory
  CommandQueue.cpp
C:\Users\Dennis\Documents\GitHub\DirectX12\DirectX12Engine\Source\CommandQueue.h(70,51): warning C4099: 'std::default_delete<dx12lib::CommandQueue>': type name first seen using 'struct' now seen using 'class'
C:\Users\Dennis\Documents\GitHub\DirectX12\DirectX12Engine\Source\CommandQueue.h(70,23): message : see declaration of 'std::default_delete<dx12lib::CommandQueue>'
C:\Users\Dennis\Documents\GitHub\DirectX12\DirectX12Engine\Source\CommandList.h(527,50): warning C4099: 'std::default_delete<dx12lib::CommandList>': type name first seen using 'struct' now seen using 'class'
C:\Users\Dennis\Documents\GitHub\DirectX12\DirectX12Engine\Source\CommandList.h(527,23): message : see declaration of 'std::default_delete<dx12lib::CommandList>'
C:\Users\Dennis\Documents\GitHub\DirectX12\DirectX12Engine\Source\CommandQueue.cpp(71,5): error C3861: 'SetThreadName': identifier not found
  DescriptorAllocation.cpp
  DescriptorAllocator.cpp
C:\Users\Dennis\Documents\GitHub\DirectX12\DirectX12Engine\Source\DescriptorAllocator.h(73,58): warning C4099: 'std::default_delete<dx12lib::DescriptorAllocator>': type name first seen using 'struct' now seen using 'class'
C:\Users\Dennis\Documents\GitHub\DirectX12\DirectX12Engine\Source\DescriptorAllocator.h(73,23): message : see declaration of 'std::default_delete<dx12lib::DescriptorAllocator>'
  DescriptorAllocatorPage.cpp
C:\Users\Dennis\Documents\GitHub\DirectX12\DirectX12Engine\Source\CommandQueue.h(70,51): warning C4099: 'std::default_delete<dx12lib::CommandQueue>': type name first seen using 'struct' now seen using 'class'
C:\Users\Dennis\Documents\GitHub\DirectX12\DirectX12Engine\Source\CommandQueue.h(70,23): message : see declaration of 'std::default_delete<dx12lib::CommandQueue>'
  Application.cpp
c1xx : fatal  error C1083: Cannot open source file: 'Source\DirectXExtentions\Application.cpp': No such file or directory
  HighResolutionClock.cpp
c1xx : fatal  error C1083: Cannot open source file: 'Source\DirectXExtentions\HighResolutionClock.cpp': No such file or directory
  Window.cpp
c1xx : fatal  error C1083: Cannot open source file: 'Source\DirectXExtentions\Window.cpp': No such file or directory
  DynamicDescriptorHeap.cpp
C:\Users\Dennis\Documents\GitHub\DirectX12\DirectX12Engine\Source\CommandQueue.h(70,51): warning C4099: 'std::default_delete<dx12lib::CommandQueue>': type name first seen using 'struct' now seen using 'class'
C:\Users\Dennis\Documents\GitHub\DirectX12\DirectX12Engine\Source\CommandQueue.h(70,23): message : see declaration of 'std::default_delete<dx12lib::CommandQueue>'
C:\Users\Dennis\Documents\GitHub\DirectX12\DirectX12Engine\Source\CommandList.h(527,50): warning C4099: 'std::default_delete<dx12lib::CommandList>': type name first seen using 'struct' now seen using 'class'
C:\Users\Dennis\Documents\GitHub\DirectX12\DirectX12Engine\Source\CommandList.h(527,23): message : see declaration of 'std::default_delete<dx12lib::CommandList>'
C:\Users\Dennis\Documents\GitHub\DirectX12\DirectX12Engine\Libraries\LibHeaders\RootSignature.h(64,52): warning C4099: 'std::default_delete<dx12lib::RootSignature>': type name first seen using 'struct' now seen using 'class'
C:\Users\Dennis\Documents\GitHub\DirectX12\DirectX12Engine\Libraries\LibHeaders\RootSignature.h(64,23): message : see declaration of 'std::default_delete<dx12lib::RootSignature>'
C:\Users\Dennis\Documents\GitHub\DirectX12\DirectX12Engine\Source\DynamicDescriptorHeap.cpp(51,50): error C2027: use of undefined type 'RootSignature'
C:\Users\Dennis\Documents\GitHub\DirectX12\DirectX12Engine\Source\DynamicDescriptorHeap.h(12,7): message : see declaration of 'RootSignature'
C:\Users\Dennis\Documents\GitHub\DirectX12\DirectX12Engine\Source\DynamicDescriptorHeap.cpp(51,35): error C2530: 'rootSignatureDesc': references must be initialized
C:\Users\Dennis\Documents\GitHub\DirectX12\DirectX12Engine\Source\DynamicDescriptorHeap.cpp(55,45): error C2027: use of undefined type 'RootSignature'
C:\Users\Dennis\Documents\GitHub\DirectX12\DirectX12Engine\Source\DynamicDescriptorHeap.h(12,7): message : see declaration of 'RootSignature'
C:\Users\Dennis\Documents\GitHub\DirectX12\DirectX12Engine\Source\DynamicDescriptorHeap.cpp(60,98): error C3536: 'rootSignatureDesc': cannot be used before it is initialized
C:\Users\Dennis\Documents\GitHub\DirectX12\DirectX12Engine\Source\DynamicDescriptorHeap.cpp(62,48): error C2027: use of undefined type 'RootSignature'
C:\Users\Dennis\Documents\GitHub\DirectX12\DirectX12Engine\Source\DynamicDescriptorHeap.h(12,7): message : see declaration of 'RootSignature'
  Engine.cpp
  Game.cpp
C:\Users\Dennis\Documents\GitHub\DirectX12\DirectX12Engine\Source\CommandQueue.h(70,51): warning C4099: 'std::default_delete<dx12lib::CommandQueue>': type name first seen using 'struct' now seen using 'class'
C:\Users\Dennis\Documents\GitHub\DirectX12\DirectX12Engine\Source\CommandQueue.h(70,23): message : see declaration of 'std::default_delete<dx12lib::CommandQueue>'
  HighResolutionClock.cpp
  pch.cpp
  main.cpp
C:\Users\Dennis\Documents\GitHub\DirectX12\DirectX12Engine\Source\CommandQueue.h(70,51): warning C4099: 'std::default_delete<dx12lib::CommandQueue>': type name first seen using 'struct' now seen using 'class'
C:\Users\Dennis\Documents\GitHub\DirectX12\DirectX12Engine\Source\CommandQueue.h(70,23): message : see declaration of 'std::default_delete<dx12lib::CommandQueue>'
  RootSignature.cpp
c1xx : fatal  error C1083: Cannot open source file: 'Source\RootSignature.cpp': No such file or directory
  Tutorial2.cpp
C:\Users\Dennis\Documents\GitHub\DirectX12\DirectX12Engine\Source\CommandQueue.h(70,51): warning C4099: 'std::default_delete<dx12lib::CommandQueue>': type name first seen using 'struct' now seen using 'class'
C:\Users\Dennis\Documents\GitHub\DirectX12\DirectX12Engine\Source\CommandQueue.h(70,23): message : see declaration of 'std::default_delete<dx12lib::CommandQueue>'
C:\Users\Dennis\Documents\GitHub\DirectX12\DirectX12Engine\Source\Tutorial2.cpp(108,39): error C2039: 'Get': is not a member of 'std::shared_ptr<dx12lib::CommandList>'
C:\Users\Dennis\Documents\GitHub\DirectX12\DirectX12Engine\Source\CommandQueue.h(52,10): message : see declaration of 'std::shared_ptr<dx12lib::CommandList>'
C:\Users\Dennis\Documents\GitHub\DirectX12\DirectX12Engine\Source\Tutorial2.cpp(119,39): error C2039: 'Get': is not a member of 'std::shared_ptr<dx12lib::CommandList>'
C:\Users\Dennis\Documents\GitHub\DirectX12\DirectX12Engine\Source\CommandQueue.h(52,10): message : see declaration of 'std::shared_ptr<dx12lib::CommandList>'
C:\Users\Dennis\Documents\GitHub\DirectX12\DirectX12Engine\Source\Tutorial2.cpp(354,9): error C2664: 'void Tutorial2::TransitionResource(Microsoft::WRL::ComPtr<ID3D12GraphicsCommandList2>,Microsoft::WRL::ComPtr<ID3D12Resource>,D3D12_RESOURCE_STATES,D3D12_RESOURCE_STATES)': cannot convert argument 1 from 'std::shared_ptr<dx12lib::CommandList>' to 'Microsoft::WRL::ComPtr<ID3D12GraphicsCommandList2>'
C:\Users\Dennis\Documents\GitHub\DirectX12\DirectX12Engine\Source\Tutorial2.cpp(354,29): message : No user-defined-conversion operator available that can perform this conversion, or the operator cannot be called
C:\Users\Dennis\Documents\GitHub\DirectX12\DirectX12Engine\Source\Tutorial2.cpp(317,17): message : see declaration of 'Tutorial2::TransitionResource'
C:\Users\Dennis\Documents\GitHub\DirectX12\DirectX12Engine\Source\Tutorial2.cpp(354,9): message : while trying to match the argument list '(std::shared_ptr<dx12lib::CommandList>, Microsoft::WRL::ComPtr<ID3D12Resource>, D3D12_RESOURCE_STATES, D3D12_RESOURCE_STATES)'
C:\Users\Dennis\Documents\GitHub\DirectX12\DirectX12Engine\Source\Tutorial2.cpp(359,9): error C2664: 'void Tutorial2::ClearRTV(Microsoft::WRL::ComPtr<ID3D12GraphicsCommandList2>,D3D12_CPU_DESCRIPTOR_HANDLE,FLOAT *)': cannot convert argument 1 from 'std::shared_ptr<dx12lib::CommandList>' to 'Microsoft::WRL::ComPtr<ID3D12GraphicsCommandList2>'
C:\Users\Dennis\Documents\GitHub\DirectX12\DirectX12Engine\Source\Tutorial2.cpp(359,19): message : No user-defined-conversion operator available that can perform this conversion, or the operator cannot be called
C:\Users\Dennis\Documents\GitHub\DirectX12\DirectX12Engine\Source\Tutorial2.cpp(329,17): message : see declaration of 'Tutorial2::ClearRTV'
C:\Users\Dennis\Documents\GitHub\DirectX12\DirectX12Engine\Source\Tutorial2.cpp(359,9): message : while trying to match the argument list '(std::shared_ptr<dx12lib::CommandList>, D3D12_CPU_DESCRIPTOR_HANDLE, FLOAT [4])'
C:\Users\Dennis\Documents\GitHub\DirectX12\DirectX12Engine\Source\Tutorial2.cpp(360,9): error C2664: 'void Tutorial2::ClearDepth(Microsoft::WRL::ComPtr<ID3D12GraphicsCommandList2>,D3D12_CPU_DESCRIPTOR_HANDLE,FLOAT)': cannot convert argument 1 from 'std::shared_ptr<dx12lib::CommandList>' to 'Microsoft::WRL::ComPtr<ID3D12GraphicsCommandList2>'
C:\Users\Dennis\Documents\GitHub\DirectX12\DirectX12Engine\Source\Tutorial2.cpp(360,21): message : No user-defined-conversion operator available that can perform this conversion, or the operator cannot be called
C:\Users\Dennis\Documents\GitHub\DirectX12\DirectX12Engine\Source\Tutorial2.cpp(335,17): message : see declaration of 'Tutorial2::ClearDepth'
C:\Users\Dennis\Documents\GitHub\DirectX12\DirectX12Engine\Source\Tutorial2.cpp(360,9): message : while trying to match the argument list '(std::shared_ptr<dx12lib::CommandList>, D3D12_CPU_DESCRIPTOR_HANDLE)'
C:\Users\Dennis\Documents\GitHub\DirectX12\DirectX12Engine\Source\Tutorial2.cpp(363,16): error C2027: use of undefined type 'dx12lib::CommandList'
C:\Users\Dennis\Documents\GitHub\DirectX12\DirectX12Engine\Source\CommandQueue.h(45,7): message : see declaration of 'dx12lib::CommandList'
C:\Users\Dennis\Documents\GitHub\DirectX12\DirectX12Engine\Source\Tutorial2.cpp(363,18): error C2039: 'SetPipelineState': is not a member of 'std::shared_ptr<dx12lib::CommandList>'
C:\Users\Dennis\Documents\GitHub\DirectX12\DirectX12Engine\Source\CommandQueue.h(52,10): message : see declaration of 'std::shared_ptr<dx12lib::CommandList>'
C:\Users\Dennis\Documents\GitHub\DirectX12\DirectX12Engine\Source\Tutorial2.cpp(364,16): error C2027: use of undefined type 'dx12lib::CommandList'
C:\Users\Dennis\Documents\GitHub\DirectX12\DirectX12Engine\Source\CommandQueue.h(45,7): message : see declaration of 'dx12lib::CommandList'
C:\Users\Dennis\Documents\GitHub\DirectX12\DirectX12Engine\Source\Tutorial2.cpp(364,18): error C2039: 'SetGraphicsRootSignature': is not a member of 'std::shared_ptr<dx12lib::CommandList>'
C:\Users\Dennis\Documents\GitHub\DirectX12\DirectX12Engine\Source\CommandQueue.h(52,10): message : see declaration of 'std::shared_ptr<dx12lib::CommandList>'
C:\Users\Dennis\Documents\GitHub\DirectX12\DirectX12Engine\Source\Tutorial2.cpp(365,16): error C2027: use of undefined type 'dx12lib::CommandList'
C:\Users\Dennis\Documents\GitHub\DirectX12\DirectX12Engine\Source\CommandQueue.h(45,7): message : see declaration of 'dx12lib::CommandList'
C:\Users\Dennis\Documents\GitHub\DirectX12\DirectX12Engine\Source\Tutorial2.cpp(365,18): error C2039: 'IASetPrimitiveTopology': is not a member of 'std::shared_ptr<dx12lib::CommandList>'
C:\Users\Dennis\Documents\GitHub\DirectX12\DirectX12Engine\Source\CommandQueue.h(52,10): message : see declaration of 'std::shared_ptr<dx12lib::CommandList>'
C:\Users\Dennis\Documents\GitHub\DirectX12\DirectX12Engine\Source\Tutorial2.cpp(366,16): error C2027: use of undefined type 'dx12lib::CommandList'
C:\Users\Dennis\Documents\GitHub\DirectX12\DirectX12Engine\Source\CommandQueue.h(45,7): message : see declaration of 'dx12lib::CommandList'
C:\Users\Dennis\Documents\GitHub\DirectX12\DirectX12Engine\Source\Tutorial2.cpp(366,18): error C2039: 'IASetVertexBuffers': is not a member of 'std::shared_ptr<dx12lib::CommandList>'
C:\Users\Dennis\Documents\GitHub\DirectX12\DirectX12Engine\Source\CommandQueue.h(52,10): message : see declaration of 'std::shared_ptr<dx12lib::CommandList>'
C:\Users\Dennis\Documents\GitHub\DirectX12\DirectX12Engine\Source\Tutorial2.cpp(367,16): error C2027: use of undefined type 'dx12lib::CommandList'
C:\Users\Dennis\Documents\GitHub\DirectX12\DirectX12Engine\Source\CommandQueue.h(45,7): message : see declaration of 'dx12lib::CommandList'
C:\Users\Dennis\Documents\GitHub\DirectX12\DirectX12Engine\Source\Tutorial2.cpp(367,18): error C2039: 'IASetIndexBuffer': is not a member of 'std::shared_ptr<dx12lib::CommandList>'
C:\Users\Dennis\Documents\GitHub\DirectX12\DirectX12Engine\Source\CommandQueue.h(52,10): message : see declaration of 'std::shared_ptr<dx12lib::CommandList>'
C:\Users\Dennis\Documents\GitHub\DirectX12\DirectX12Engine\Source\Tutorial2.cpp(368,16): error C2027: use of undefined type 'dx12lib::CommandList'
C:\Users\Dennis\Documents\GitHub\DirectX12\DirectX12Engine\Source\CommandQueue.h(45,7): message : see declaration of 'dx12lib::CommandList'
C:\Users\Dennis\Documents\GitHub\DirectX12\DirectX12Engine\Source\Tutorial2.cpp(368,18): error C2039: 'RSSetViewports': is not a member of 'std::shared_ptr<dx12lib::CommandList>'
C:\Users\Dennis\Documents\GitHub\DirectX12\DirectX12Engine\Source\CommandQueue.h(52,10): message : see declaration of 'std::shared_ptr<dx12lib::CommandList>'
C:\Users\Dennis\Documents\GitHub\DirectX12\DirectX12Engine\Source\Tutorial2.cpp(369,16): error C2027: use of undefined type 'dx12lib::CommandList'
C:\Users\Dennis\Documents\GitHub\DirectX12\DirectX12Engine\Source\CommandQueue.h(45,7): message : see declaration of 'dx12lib::CommandList'
C:\Users\Dennis\Documents\GitHub\DirectX12\DirectX12Engine\Source\Tutorial2.cpp(369,18): error C2039: 'RSSetScissorRects': is not a member of 'std::shared_ptr<dx12lib::CommandList>'
C:\Users\Dennis\Documents\GitHub\DirectX12\DirectX12Engine\Source\CommandQueue.h(52,10): message : see declaration of 'std::shared_ptr<dx12lib::CommandList>'
C:\Users\Dennis\Documents\GitHub\DirectX12\DirectX12Engine\Source\Tutorial2.cpp(370,16): error C2027: use of undefined type 'dx12lib::CommandList'
C:\Users\Dennis\Documents\GitHub\DirectX12\DirectX12Engine\Source\CommandQueue.h(45,7): message : see declaration of 'dx12lib::CommandList'
C:\Users\Dennis\Documents\GitHub\DirectX12\DirectX12Engine\Source\Tutorial2.cpp(370,18): error C2039: 'OMSetRenderTargets': is not a member of 'std::shared_ptr<dx12lib::CommandList>'
C:\Users\Dennis\Documents\GitHub\DirectX12\DirectX12Engine\Source\CommandQueue.h(52,10): message : see declaration of 'std::shared_ptr<dx12lib::CommandList>'
C:\Users\Dennis\Documents\GitHub\DirectX12\DirectX12Engine\Source\Tutorial2.cpp(375,16): error C2027: use of undefined type 'dx12lib::CommandList'
C:\Users\Dennis\Documents\GitHub\DirectX12\DirectX12Engine\Source\CommandQueue.h(45,7): message : see declaration of 'dx12lib::CommandList'
C:\Users\Dennis\Documents\GitHub\DirectX12\DirectX12Engine\Source\Tutorial2.cpp(375,18): error C2039: 'SetGraphicsRoot32BitConstants': is not a member of 'std::shared_ptr<dx12lib::CommandList>'
C:\Users\Dennis\Documents\GitHub\DirectX12\DirectX12Engine\Source\CommandQueue.h(52,10): message : see declaration of 'std::shared_ptr<dx12lib::CommandList>'
C:\Users\Dennis\Documents\GitHub\DirectX12\DirectX12Engine\Source\Tutorial2.cpp(376,16): error C2027: use of undefined type 'dx12lib::CommandList'
C:\Users\Dennis\Documents\GitHub\DirectX12\DirectX12Engine\Source\CommandQueue.h(45,7): message : see declaration of 'dx12lib::CommandList'
C:\Users\Dennis\Documents\GitHub\DirectX12\DirectX12Engine\Source\Tutorial2.cpp(376,18): error C2039: 'DrawIndexedInstanced': is not a member of 'std::shared_ptr<dx12lib::CommandList>'
C:\Users\Dennis\Documents\GitHub\DirectX12\DirectX12Engine\Source\CommandQueue.h(52,10): message : see declaration of 'std::shared_ptr<dx12lib::CommandList>'
C:\Users\Dennis\Documents\GitHub\DirectX12\DirectX12Engine\Source\Tutorial2.cpp(380,9): error C2664: 'void Tutorial2::TransitionResource(Microsoft::WRL::ComPtr<ID3D12GraphicsCommandList2>,Microsoft::WRL::ComPtr<ID3D12Resource>,D3D12_RESOURCE_STATES,D3D12_RESOURCE_STATES)': cannot convert argument 1 from 'std::shared_ptr<dx12lib::CommandList>' to 'Microsoft::WRL::ComPtr<ID3D12GraphicsCommandList2>'
C:\Users\Dennis\Documents\GitHub\DirectX12\DirectX12Engine\Source\Tutorial2.cpp(380,29): message : No user-defined-conversion operator available that can perform this conversion, or the operator cannot be called
C:\Users\Dennis\Documents\GitHub\DirectX12\DirectX12Engine\Source\Tutorial2.cpp(317,17): message : see declaration of 'Tutorial2::TransitionResource'
C:\Users\Dennis\Documents\GitHub\DirectX12\DirectX12Engine\Source\Tutorial2.cpp(380,9): message : while trying to match the argument list '(std::shared_ptr<dx12lib::CommandList>, Microsoft::WRL::ComPtr<ID3D12Resource>, D3D12_RESOURCE_STATES, D3D12_RESOURCE_STATES)'
  UploadBuffer.cpp
C:\Users\Dennis\Documents\GitHub\DirectX12\DirectX12Engine\Source\CommandQueue.h(70,51): warning C4099: 'std::default_delete<dx12lib::CommandQueue>': type name first seen using 'struct' now seen using 'class'
C:\Users\Dennis\Documents\GitHub\DirectX12\DirectX12Engine\Source\CommandQueue.h(70,23): message : see declaration of 'std::default_delete<dx12lib::CommandQueue>'
