c:\users\dennlov\documents\git\directx12\directx12engine\intermediate\debug\directx12engine.pch
c:\users\dennlov\documents\git\directx12\directx12engine\intermediate\debug\vc143.pdb
c:\users\dennlov\documents\git\directx12\directx12engine\intermediate\debug\vc143.idb
c:\users\dennlov\documents\git\directx12\directx12engine\intermediate\debug\window.obj
c:\users\dennlov\documents\git\directx12\directx12engine\intermediate\debug\main.obj
c:\users\dennlov\documents\git\directx12\directx12engine\intermediate\debug\commandqueue.obj
c:\users\dennlov\documents\git\directx12\directx12engine\intermediate\debug\application.obj
c:\users\dennlov\documents\git\directx12\directx12engine\intermediate\debug\highresolutionclock.obj
c:\users\dennlov\documents\git\directx12\directx12engine\intermediate\debug\engine.obj
c:\users\dennlov\documents\git\directx12\directx12engine\intermediate\debug\game.obj
c:\users\dennlov\documents\git\directx12\directx12engine\intermediate\debug\tutorial2.obj
c:\users\dennlov\documents\git\directx12\directx12engine\intermediate\debug\pch.obj
c:\users\dennlov\documents\git\directx12\directx12engine\intermediate\debug\uploadbuffer.obj
c:\users\dennlov\documents\git\directx12\directx12engine\intermediate\debug\rootsignature.obj
c:\users\dennlov\documents\git\directx12\directx12engine\intermediate\debug\descriptorallocator.obj
c:\users\dennlov\documents\git\directx12\directx12engine\intermediate\debug\descriptorallocatorpage.obj
c:\users\dennlov\documents\git\directx12\build\directx12engine\debug\defaultpixel.cso
c:\users\dennlov\documents\git\directx12\build\directx12engine\debug\defaultvertex.cso
c:\users\dennlov\documents\git\directx12\directx12engine\intermediate\debug\directx12engine.ilk
c:\users\dennlov\documents\git\directx12\build\directx12engine\debug\directx12engine.exe
c:\users\dennlov\documents\git\directx12\build\directx12engine\debug\directx12engine.pdb
c:\users\dennlov\documents\git\directx12\\build\directx12engine\debug\directx12engine.pdb
c:\users\dennlov\documents\git\directx12\\directx12engine\intermediate\debug\directx12engine.vcxproj.filelistabsolute.txt
c:\users\dennlov\documents\git\directx12\directx12engine\intermediate\debug\directx12engine.tlog\cl.command.1.tlog
c:\users\dennlov\documents\git\directx12\directx12engine\intermediate\debug\directx12engine.tlog\cl.items.tlog
c:\users\dennlov\documents\git\directx12\directx12engine\intermediate\debug\directx12engine.tlog\cl.read.1.tlog
c:\users\dennlov\documents\git\directx12\directx12engine\intermediate\debug\directx12engine.tlog\cl.write.1.tlog
c:\users\dennlov\documents\git\directx12\directx12engine\intermediate\debug\directx12engine.tlog\dxc.command.1.tlog
c:\users\dennlov\documents\git\directx12\directx12engine\intermediate\debug\directx12engine.tlog\dxc.read.1.tlog
c:\users\dennlov\documents\git\directx12\directx12engine\intermediate\debug\directx12engine.tlog\dxc.write.1.tlog
c:\users\dennlov\documents\git\directx12\directx12engine\intermediate\debug\directx12engine.tlog\link.command.1.tlog
c:\users\dennlov\documents\git\directx12\directx12engine\intermediate\debug\directx12engine.tlog\link.read.1.tlog
c:\users\dennlov\documents\git\directx12\directx12engine\intermediate\debug\directx12engine.tlog\link.write.1.tlog
