c:\users\dennlov\documents\git\directx12\directx12project\intermediate\debug\directx12project.pch
c:\users\dennlov\documents\git\directx12\directx12project\intermediate\debug\vc143.pdb
c:\users\dennlov\documents\git\directx12\directx12project\intermediate\debug\vc143.idb
c:\users\dennlov\documents\git\directx12\directx12project\intermediate\debug\application.obj
c:\users\dennlov\documents\git\directx12\directx12project\intermediate\debug\pch.obj
c:\users\dennlov\documents\git\directx12\directx12project\intermediate\debug\winmain.obj
c:\users\dennlov\documents\git\directx12\directx12project\intermediate\debug\directx12project.res
c:\users\dennlov\documents\git\directx12\\build\directx12project\debug\directx12project.pdb
c:\users\dennlov\documents\git\directx12\\directx12project\intermediate\debug\directx12project.vcxproj.filelistabsolute.txt
c:\users\dennlov\documents\git\directx12\directx12project\intermediate\debug\directx12project.tlog\cl.command.1.tlog
c:\users\dennlov\documents\git\directx12\directx12project\intermediate\debug\directx12project.tlog\cl.read.1.tlog
c:\users\dennlov\documents\git\directx12\directx12project\intermediate\debug\directx12project.tlog\cl.write.1.tlog
c:\users\dennlov\documents\git\directx12\directx12project\intermediate\debug\directx12project.tlog\link-cvtres.read.1.tlog
c:\users\dennlov\documents\git\directx12\directx12project\intermediate\debug\directx12project.tlog\link-cvtres.write.1.tlog
c:\users\dennlov\documents\git\directx12\directx12project\intermediate\debug\directx12project.tlog\link-rc.read.1.tlog
c:\users\dennlov\documents\git\directx12\directx12project\intermediate\debug\directx12project.tlog\link-rc.write.1.tlog
c:\users\dennlov\documents\git\directx12\directx12project\intermediate\debug\directx12project.tlog\link.command.1.tlog
c:\users\dennlov\documents\git\directx12\directx12project\intermediate\debug\directx12project.tlog\link.read.1.tlog
c:\users\dennlov\documents\git\directx12\directx12project\intermediate\debug\directx12project.tlog\link.read.2.tlog
c:\users\dennlov\documents\git\directx12\directx12project\intermediate\debug\directx12project.tlog\link.write.1.tlog
c:\users\dennlov\documents\git\directx12\directx12project\intermediate\debug\directx12project.tlog\rc.command.1.tlog
c:\users\dennlov\documents\git\directx12\directx12project\intermediate\debug\directx12project.tlog\rc.read.1.tlog
c:\users\dennlov\documents\git\directx12\directx12project\intermediate\debug\directx12project.tlog\rc.write.1.tlog
