c:\users\dennis\documents\code projects\dx12\directx12\directx12engine\x64\debug\directx12engine.pch
c:\users\dennis\documents\code projects\dx12\directx12\directx12engine\x64\debug\vc143.pdb
c:\users\dennis\documents\code projects\dx12\directx12\directx12engine\x64\debug\vc143.idb
c:\users\dennis\documents\code projects\dx12\directx12\directx12engine\x64\debug\engine.obj
c:\users\dennis\documents\code projects\dx12\directx12\directx12engine\x64\debug\pch.obj
c:\users\dennis\documents\code projects\dx12\directx12\directx12engine\x64\debug\winmain.obj
c:\users\dennis\documents\code projects\dx12\directx12\directx12engine\d3d12_p.c
c:\users\dennis\documents\code projects\dx12\directx12\directx12engine\d3d12_i.c
c:\users\dennis\documents\code projects\dx12\directx12\directx12engine\d3d12_h.h
c:\users\dennis\documents\code projects\dx12\directx12\directx12engine\d3d12compatibility_p.c
c:\users\dennis\documents\code projects\dx12\directx12\directx12engine\d3d12compatibility_i.c
c:\users\dennis\documents\code projects\dx12\directx12\directx12engine\d3d12compatibility_h.h
c:\users\dennis\documents\code projects\dx12\directx12\x64\debug\directx12engine.pdb
c:\users\dennis\documents\code projects\dx12\directx12\directx12engine\x64\debug\directx12engine.tlog\cl.command.1.tlog
c:\users\dennis\documents\code projects\dx12\directx12\directx12engine\x64\debug\directx12engine.tlog\cl.read.1.tlog
c:\users\dennis\documents\code projects\dx12\directx12\directx12engine\x64\debug\directx12engine.tlog\cl.write.1.tlog
c:\users\dennis\documents\code projects\dx12\directx12\directx12engine\x64\debug\directx12engine.tlog\link-cvtres.read.1.tlog
c:\users\dennis\documents\code projects\dx12\directx12\directx12engine\x64\debug\directx12engine.tlog\link-cvtres.write.1.tlog
c:\users\dennis\documents\code projects\dx12\directx12\directx12engine\x64\debug\directx12engine.tlog\link-rc.read.1.tlog
c:\users\dennis\documents\code projects\dx12\directx12\directx12engine\x64\debug\directx12engine.tlog\link-rc.write.1.tlog
c:\users\dennis\documents\code projects\dx12\directx12\directx12engine\x64\debug\directx12engine.tlog\link.command.1.tlog
c:\users\dennis\documents\code projects\dx12\directx12\directx12engine\x64\debug\directx12engine.tlog\link.read.1.tlog
c:\users\dennis\documents\code projects\dx12\directx12\directx12engine\x64\debug\directx12engine.tlog\link.read.2.tlog
c:\users\dennis\documents\code projects\dx12\directx12\directx12engine\x64\debug\directx12engine.tlog\link.write.1.tlog
c:\users\dennis\documents\code projects\dx12\directx12\directx12engine\x64\debug\directx12engine.tlog\midl-midlc-cl.read.1.tlog
c:\users\dennis\documents\code projects\dx12\directx12\directx12engine\x64\debug\directx12engine.tlog\midl-midlc.read.1.tlog
c:\users\dennis\documents\code projects\dx12\directx12\directx12engine\x64\debug\directx12engine.tlog\midl-midlc.write.1.tlog
c:\users\dennis\documents\code projects\dx12\directx12\directx12engine\x64\debug\directx12engine.tlog\midl.command.1.tlog
c:\users\dennis\documents\code projects\dx12\directx12\directx12engine\x64\debug\directx12engine.tlog\midl.read.1.tlog
c:\users\dennis\documents\code projects\dx12\directx12\directx12engine\x64\debug\directx12engine.tlog\midl.write.1.tlog
